<?xml version="1.0" encoding="UTF-8"?>
<!-- Generated by org.testng.reporters.JUnitXMLReporter -->
<testsuite ignored="0" hostname="LAPTOP-GB5QJN01" failures="0" tests="6" name="AssignmentPageFactory" time="61.255" errors="0" timestamp="2023-04-26T10:26:36 IST">
  <testcase classname="testCases.ClientsPageTestCases" name="VerifyCreateClientsTabInvoiceOrderDropdown" time="5.011"/>
  <testcase classname="testCases.ClientsPageTestCases" name="VerifyCreateClientsTabRequirePoCheckBox" time="4.668"/>
  <testcase classname="testCases.ClientsPageTestCases" name="verifySearchButtontext" time="3.203"/>
  <testcase classname="testCases.WorkersPageTestCases" name="verifyDeleteToolTip" time="3.348"/>
  <testcase classname="testCases.WorkersPageTestCases" name="verifyWorkersTabBackgroundColor" time="3.289"/>
  <testcase classname="testCases.WorkersPageTestCases" name="verifyWorkersTabSearchButtonText" time="3.269"/>
</testsuite> <!-- AssignmentPageFactory -->
